<?xml version="1.0" encoding="UTF-8"?>
<testng-results ignored="0" total="1" passed="1" failed="0" skipped="0">
  <reporter-output>
  </reporter-output>
  <suite started-at="2024-06-30T18:57:32 IST" name="Suite" finished-at="2024-06-30T18:57:58 IST" duration-ms="26001">
    <groups>
    </groups>
    <test started-at="2024-06-30T18:57:32 IST" name="GMail" finished-at="2024-06-30T18:57:58 IST" duration-ms="26001">
      <class name="com.gmail.testCases.TC_InboxPage">
        <test-method is-config="true" signature="browserSettingAndLogin(org.testng.ITestContext)[pri:0, instance:com.gmail.testCases.TC_InboxPage@53dacd14]" started-at="2024-06-30T18:57:32 IST" name="browserSettingAndLogin" finished-at="2024-06-30T18:57:33 IST" duration-ms="54" status="PASS">
          <params>
            <param index="0">
              <value>
                <![CDATA[org.testng.TestRunner@159424e2]]>
              </value>
            </param>
          </params>
          <reporter-output>
          </reporter-output>
        </test-method> <!-- browserSettingAndLogin -->
        <test-method is-config="true" signature="Setup(java.lang.String)[pri:0, instance:com.gmail.testCases.TC_InboxPage@53dacd14]" started-at="2024-06-30T18:57:33 IST" name="Setup" finished-at="2024-06-30T18:57:43 IST" depends-on-methods="com.gmail.testCases.BaseClass.browserSettingAndLogin" duration-ms="10125" status="PASS">
          <params>
            <param index="0">
              <value>
                <![CDATA[chrome]]>
              </value>
            </param>
          </params>
          <reporter-output>
          </reporter-output>
        </test-method> <!-- Setup -->
        <test-method is-config="true" signature="Login(java.lang.String)[pri:0, instance:com.gmail.testCases.TC_InboxPage@53dacd14]" started-at="2024-06-30T18:57:43 IST" name="Login" finished-at="2024-06-30T18:57:43 IST" duration-ms="5" status="PASS">
          <params>
            <param index="0">
              <value>
                <![CDATA[user]]>
              </value>
            </param>
          </params>
          <reporter-output>
          </reporter-output>
        </test-method> <!-- Login -->
        <test-method signature="test_DelteEmails()[pri:1, instance:com.gmail.testCases.TC_InboxPage@53dacd14]" started-at="2024-06-30T18:57:43 IST" name="test_DelteEmails" finished-at="2024-06-30T18:57:58 IST" duration-ms="15135" status="PASS">
          <reporter-output>
          </reporter-output>
        </test-method> <!-- test_DelteEmails -->
        <test-method is-config="true" signature="Logout(java.lang.String)[pri:0, instance:com.gmail.testCases.TC_InboxPage@53dacd14]" started-at="2024-06-30T18:57:58 IST" name="Logout" finished-at="2024-06-30T18:57:58 IST" duration-ms="2" status="PASS">
          <params>
            <param index="0">
              <value>
                <![CDATA[user]]>
              </value>
            </param>
          </params>
          <reporter-output>
          </reporter-output>
        </test-method> <!-- Logout -->
        <test-method is-config="true" signature="Teardown()[pri:0, instance:com.gmail.testCases.TC_InboxPage@53dacd14]" started-at="2024-06-30T18:57:58 IST" name="Teardown" finished-at="2024-06-30T18:57:58 IST" depends-on-methods="com.gmail.testCases.BaseClass.Logout" duration-ms="102" status="PASS">
          <reporter-output>
          </reporter-output>
        </test-method> <!-- Teardown -->
      </class> <!-- com.gmail.testCases.TC_InboxPage -->
    </test> <!-- GMail -->
  </suite> <!-- Suite -->
</testng-results>
